# JRE version: OpenJDK Runtime Environment Temurin-21.0.7+6 (21.0.7+6) (build 21.0.7+6-LTS)
# Java VM: OpenJDK 64-Bit Server VM Temurin-21.0.7+6 (21.0.7+6-LTS, mixed mode, sharing, tiered, compressed oops, compressed class ptrs, g1 gc, windows-amd64)
GC Precious Log:
 CardTable entry size: 512
 Card Set container configuration: InlinePtr #cards 5 size 8 Array Of Cards #cards 12 size 40 Howl #buckets 4 coarsen threshold 1843 Howl Bitmap #cards 512 size 80 coarsen threshold 460 Card regions per heap region 1 cards per card region 2048
 CPUs: 16 total, 16 available
 Memory: 8010M
 Large Page Support: Disabled
 NUMA Support: Disabled
 Compressed Oops: Enabled (32-bit)
 Heap Region Size: 1M
 Heap Min Capacity: 8M
 Heap Initial Capacity: 126M
 Heap Max Capacity: 1536M
 Pre-touch: Disabled
 Parallel Workers: 13
 Concurrent Workers: 3
 Concurrent Refinement Workers: 13
 Periodic GC: Disabled
Heap:
 garbage-first heap   total 189440K, used 142208K [0x00000000a0000000, 0x0000000100000000)
  region size 1024K, 20 young (20480K), 6 survivors (6144K)
 Metaspace       used 91004K, committed 93440K, reserved 1179648K
  class space    used 12685K, committed 13888K, reserved 1048576K
GC Heap History (20 events):
Event: 47.924 GC heap before
{Heap before GC invocations=38 (full 0):
 garbage-first heap   total 143360K, used 130338K [0x00000000a0000000, 0x0000000100000000)
  region size 1024K, 46 young (47104K), 5 survivors (5120K)
 Metaspace       used 77982K, committed 80256K, reserved 1179648K
  class space    used 10887K, committed 12032K, reserved 1048576K
}
Event: 47.932 GC heap after
{Heap after GC invocations=39 (full 0):
 garbage-first heap   total 143360K, used 91119K [0x00000000a0000000, 0x0000000100000000)
  region size 1024K, 4 young (4096K), 4 survivors (4096K)
 Metaspace       used 77982K, committed 80256K, reserved 1179648K
  class space    used 10887K, committed 12032K, reserved 1048576K
}
Event: 49.457 GC heap before
{Heap before GC invocations=39 (full 0):
 garbage-first heap   total 143360K, used 131055K [0x00000000a0000000, 0x0000000100000000)
  region size 1024K, 43 young (44032K), 4 survivors (4096K)
 Metaspace       used 78360K, committed 80704K, reserved 1179648K
  class space    used 10922K, committed 12096K, reserved 1048576K
}
Event: 49.463 GC heap after
{Heap after GC invocations=40 (full 0):
 garbage-first heap   total 143360K, used 94723K [0x00000000a0000000, 0x0000000100000000)
  region size 1024K, 6 young (6144K), 6 survivors (6144K)
 Metaspace       used 78360K, committed 80704K, reserved 1179648K
  class space    used 10922K, committed 12096K, reserved 1048576K
}
Event: 50.348 GC heap before
{Heap before GC invocations=41 (full 0):
 garbage-first heap   total 158720K, used 127491K [0x00000000a0000000, 0x0000000100000000)
  region size 1024K, 38 young (38912K), 6 survivors (6144K)
 Metaspace       used 78583K, committed 80960K, reserved 1179648K
  class space    used 10950K, committed 12096K, reserved 1048576K
}
Event: 50.354 GC heap after
{Heap after GC invocations=42 (full 0):
 garbage-first heap   total 158720K, used 97995K [0x00000000a0000000, 0x0000000100000000)
  region size 1024K, 3 young (3072K), 3 survivors (3072K)
 Metaspace       used 78583K, committed 80960K, reserved 1179648K
  class space    used 10950K, committed 12096K, reserved 1048576K
}
Event: 52.619 GC heap before
{Heap before GC invocations=42 (full 0):
 garbage-first heap   total 158720K, used 144075K [0x00000000a0000000, 0x0000000100000000)
  region size 1024K, 49 young (50176K), 3 survivors (3072K)
 Metaspace       used 80454K, committed 82816K, reserved 1179648K
  class space    used 11247K, committed 12416K, reserved 1048576K
}
Event: 52.626 GC heap after
{Heap after GC invocations=43 (full 0):
 garbage-first heap   total 158720K, used 102203K [0x00000000a0000000, 0x0000000100000000)
  region size 1024K, 7 young (7168K), 7 survivors (7168K)
 Metaspace       used 80454K, committed 82816K, reserved 1179648K
  class space    used 11247K, committed 12416K, reserved 1048576K
}
Event: 52.897 GC heap before
{Heap before GC invocations=43 (full 0):
 garbage-first heap   total 158720K, used 105275K [0x00000000a0000000, 0x0000000100000000)
  region size 1024K, 11 young (11264K), 7 survivors (7168K)
 Metaspace       used 80732K, committed 83136K, reserved 1179648K
  class space    used 11292K, committed 12480K, reserved 1048576K
}
Event: 52.904 GC heap after
{Heap after GC invocations=44 (full 0):
 garbage-first heap   total 158720K, used 103513K [0x00000000a0000000, 0x0000000100000000)
  region size 1024K, 2 young (2048K), 2 survivors (2048K)
 Metaspace       used 80732K, committed 83136K, reserved 1179648K
  class space    used 11292K, committed 12480K, reserved 1048576K
}
Event: 55.157 GC heap before
{Heap before GC invocations=45 (full 0):
 garbage-first heap   total 176128K, used 145497K [0x00000000a0000000, 0x0000000100000000)
  region size 1024K, 43 young (44032K), 2 survivors (2048K)
 Metaspace       used 83203K, committed 85632K, reserved 1179648K
  class space    used 11632K, committed 12800K, reserved 1048576K
}
Event: 55.160 GC heap after
{Heap after GC invocations=46 (full 0):
 garbage-first heap   total 176128K, used 105971K [0x00000000a0000000, 0x0000000100000000)
  region size 1024K, 3 young (3072K), 3 survivors (3072K)
 Metaspace       used 83203K, committed 85632K, reserved 1179648K
  class space    used 11632K, committed 12800K, reserved 1048576K
}
Event: 57.272 GC heap before
{Heap before GC invocations=46 (full 0):
 garbage-first heap   total 176128K, used 162291K [0x00000000a0000000, 0x0000000100000000)
  region size 1024K, 58 young (59392K), 3 survivors (3072K)
 Metaspace       used 86859K, committed 89280K, reserved 1179648K
  class space    used 12142K, committed 13312K, reserved 1048576K
}
Event: 57.278 GC heap after
{Heap after GC invocations=47 (full 0):
 garbage-first heap   total 176128K, used 108969K [0x00000000a0000000, 0x0000000100000000)
  region size 1024K, 6 young (6144K), 6 survivors (6144K)
 Metaspace       used 86859K, committed 89280K, reserved 1179648K
  class space    used 12142K, committed 13312K, reserved 1048576K
}
Event: 58.630 GC heap before
{Heap before GC invocations=47 (full 0):
 garbage-first heap   total 176128K, used 159145K [0x00000000a0000000, 0x0000000100000000)
  region size 1024K, 55 young (56320K), 6 survivors (6144K)
 Metaspace       used 89568K, committed 91968K, reserved 1179648K
  class space    used 12504K, committed 13696K, reserved 1048576K
}
Event: 58.637 GC heap after
{Heap after GC invocations=48 (full 0):
 garbage-first heap   total 176128K, used 113332K [0x00000000a0000000, 0x0000000100000000)
  region size 1024K, 7 young (7168K), 7 survivors (7168K)
 Metaspace       used 89568K, committed 91968K, reserved 1179648K
  class space    used 12504K, committed 13696K, reserved 1048576K
}
Event: 60.517 GC heap before
{Heap before GC invocations=49 (full 0):
 garbage-first heap   total 189440K, used 158388K [0x00000000a0000000, 0x0000000100000000)
  region size 1024K, 51 young (52224K), 7 survivors (7168K)
 Metaspace       used 89756K, committed 92160K, reserved 1179648K
  class space    used 12519K, committed 13696K, reserved 1048576K
}
Event: 60.528 GC heap after
{Heap after GC invocations=50 (full 0):
 garbage-first heap   total 189440K, used 123136K [0x00000000a0000000, 0x0000000100000000)
  region size 1024K, 7 young (7168K), 7 survivors (7168K)
 Metaspace       used 89756K, committed 92160K, reserved 1179648K
  class space    used 12519K, committed 13696K, reserved 1048576K
}
Event: 69.993 GC heap before
{Heap before GC invocations=50 (full 0):
 garbage-first heap   total 189440K, used 171264K [0x00000000a0000000, 0x0000000100000000)
  region size 1024K, 54 young (55296K), 7 survivors (7168K)
 Metaspace       used 90910K, committed 93376K, reserved 1179648K
  class space    used 12682K, committed 13888K, reserved 1048576K
}
Event: 70.003 GC heap after
{Heap after GC invocations=51 (full 0):
 garbage-first heap   total 189440K, used 128896K [0x00000000a0000000, 0x0000000100000000)
  region size 1024K, 6 young (6144K), 6 survivors (6144K)
 Metaspace       used 90910K, committed 93376K, reserved 1179648K
  class space    used 12682K, committed 13888K, reserved 1048576K
}

