# JRE version: OpenJDK Runtime Environment Temurin-21.0.7+6 (21.0.7+6) (build 21.0.7+6-LTS)
# Java VM: OpenJDK 64-Bit Server VM Temurin-21.0.7+6 (21.0.7+6-LTS, mixed mode, sharing, tiered, compressed oops, compressed class ptrs, g1 gc, windows-amd64)
GC Precious Log:
 CardTable entry size: 512
 Card Set container configuration: InlinePtr #cards 5 size 8 Array Of Cards #cards 12 size 40 Howl #buckets 4 coarsen threshold 1843 Howl Bitmap #cards 512 size 80 coarsen threshold 460 Card regions per heap region 1 cards per card region 2048
 CPUs: 16 total, 16 available
 Memory: 8010M
 Large Page Support: Disabled
 NUMA Support: Disabled
 Compressed Oops: Enabled (32-bit)
 Heap Region Size: 1M
 Heap Min Capacity: 8M
 Heap Initial Capacity: 126M
 Heap Max Capacity: 1536M
 Pre-touch: Disabled
 Parallel Workers: 13
 Concurrent Workers: 3
 Concurrent Refinement Workers: 13
 Periodic GC: Disabled
Heap:
 garbage-first heap   total 89088K, used 25827K [0x00000000a0000000, 0x0000000100000000)
  region size 1024K, 5 young (5120K), 3 survivors (3072K)
 Metaspace       used 20999K, committed 21696K, reserved 1114112K
  class space    used 2979K, committed 3328K, reserved 1048576K
GC Heap History (10 events):
Event: 1.785 GC heap before
{Heap before GC invocations=0 (full 0):
 garbage-first heap   total 129024K, used 22528K [0x00000000a0000000, 0x0000000100000000)
  region size 1024K, 23 young (23552K), 0 survivors (0K)
 Metaspace       used 1102K, committed 1216K, reserved 1114112K
  class space    used 76K, committed 128K, reserved 1048576K
}
Event: 1.802 GC heap after
{Heap after GC invocations=1 (full 0):
 garbage-first heap   total 129024K, used 3314K [0x00000000a0000000, 0x0000000100000000)
  region size 1024K, 3 young (3072K), 3 survivors (3072K)
 Metaspace       used 1102K, committed 1216K, reserved 1114112K
  class space    used 76K, committed 128K, reserved 1048576K
}
Event: 4.246 GC heap before
{Heap before GC invocations=1 (full 0):
 garbage-first heap   total 129024K, used 39154K [0x00000000a0000000, 0x0000000100000000)
  region size 1024K, 36 young (36864K), 3 survivors (3072K)
 Metaspace       used 4476K, committed 4672K, reserved 1114112K
  class space    used 535K, committed 640K, reserved 1048576K
}
Event: 4.266 GC heap after
{Heap after GC invocations=2 (full 0):
 garbage-first heap   total 129024K, used 11063K [0x00000000a0000000, 0x0000000100000000)
  region size 1024K, 5 young (5120K), 5 survivors (5120K)
 Metaspace       used 4476K, committed 4672K, reserved 1114112K
  class space    used 535K, committed 640K, reserved 1048576K
}
Event: 5.918 GC heap before
{Heap before GC invocations=2 (full 0):
 garbage-first heap   total 129024K, used 57143K [0x00000000a0000000, 0x0000000100000000)
  region size 1024K, 48 young (49152K), 5 survivors (5120K)
 Metaspace       used 4733K, committed 4928K, reserved 1114112K
  class space    used 578K, committed 704K, reserved 1048576K
}
Event: 5.931 GC heap after
{Heap after GC invocations=3 (full 0):
 garbage-first heap   total 129024K, used 16581K [0x00000000a0000000, 0x0000000100000000)
  region size 1024K, 5 young (5120K), 5 survivors (5120K)
 Metaspace       used 4733K, committed 4928K, reserved 1114112K
  class space    used 578K, committed 704K, reserved 1048576K
}
Event: 14.844 GC heap before
{Heap before GC invocations=3 (full 0):
 garbage-first heap   total 129024K, used 87237K [0x00000000a0000000, 0x0000000100000000)
  region size 1024K, 75 young (76800K), 5 survivors (5120K)
 Metaspace       used 18466K, committed 19008K, reserved 1114112K
  class space    used 2540K, committed 2816K, reserved 1048576K
}
Event: 14.884 GC heap after
{Heap after GC invocations=4 (full 0):
 garbage-first heap   total 129024K, used 22654K [0x00000000a0000000, 0x0000000100000000)
  region size 1024K, 10 young (10240K), 10 survivors (10240K)
 Metaspace       used 18466K, committed 19008K, reserved 1114112K
  class space    used 2540K, committed 2816K, reserved 1048576K
}
Event: 16.281 GC heap before
{Heap before GC invocations=4 (full 0):
 garbage-first heap   total 129024K, used 42110K [0x00000000a0000000, 0x0000000100000000)
  region size 1024K, 30 young (30720K), 10 survivors (10240K)
 Metaspace       used 20882K, committed 21504K, reserved 1114112K
  class space    used 2953K, committed 3264K, reserved 1048576K
}
Event: 16.292 GC heap after
{Heap after GC invocations=5 (full 0):
 garbage-first heap   total 129024K, used 24803K [0x00000000a0000000, 0x0000000100000000)
  region size 1024K, 3 young (3072K), 3 survivors (3072K)
 Metaspace       used 20882K, committed 21504K, reserved 1114112K
  class space    used 2953K, committed 3264K, reserved 1048576K
}

